<?xml version="1.0" encoding="UTF-8"?>
<testsuite name="io.nadron.AppTest" time="0.001" tests="5" errors="5" skipped="0" failures="0">
  <properties>
[...]
</properties>
  <testcase name="readWriteSocketAddress" classname="io.nadron.AppTest" time="0.001">
    <error message="Unresolved compilation problems: &#10;	The import io.netty cannot be resolved&#10;	The import io.netty cannot be resolved&#10;	ByteBuf cannot be resolved to a type&#10;	The method writeString(String) from the type NettyUtils refers to the missing type ByteBuf&#10;	ByteBuf cannot be resolved to a type&#10;	The method writeString(String) from the type NettyUtils refers to the missing type ByteBuf&#10;	ByteBuf cannot be resolved to a type&#10;	The method writeString(String) from the type NettyUtils refers to the missing type ByteBuf&#10;	ByteBuf cannot be resolved to a type&#10;	Unpooled cannot be resolved&#10;	ByteBuf cannot be resolved to a type&#10;	The method writeStrings(String...) from the type NettyUtils refers to the missing type ByteBuf&#10;	ByteBuf cannot be resolved to a type&#10;	The method writeSocketAddress(InetSocketAddress) from the type NettyUtils refers to the missing type ByteBuf&#10;	ByteBuf cannot be resolved to a type&#10;	The method writeStrings(String...) from the type NettyUtils refers to the missing type ByteBuf&#10;" type="java.lang.Error"><![CDATA[java.lang.Error: Unresolved compilation problems: 
	The import io.netty cannot be resolved
	The import io.netty cannot be resolved
	ByteBuf cannot be resolved to a type
	The method writeString(String) from the type NettyUtils refers to the missing type ByteBuf
	ByteBuf cannot be resolved to a type
	The method writeString(String) from the type NettyUtils refers to the missing type ByteBuf
	ByteBuf cannot be resolved to a type
	The method writeString(String) from the type NettyUtils refers to the missing type ByteBuf
	ByteBuf cannot be resolved to a type
	Unpooled cannot be resolved
	ByteBuf cannot be resolved to a type
	The method writeStrings(String...) from the type NettyUtils refers to the missing type ByteBuf
	ByteBuf cannot be resolved to a type
	The method writeSocketAddress(InetSocketAddress) from the type NettyUtils refers to the missing type ByteBuf
	ByteBuf cannot be resolved to a type
	The method writeStrings(String...) from the type NettyUtils refers to the missing type ByteBuf

	at io.nadron.AppTest.<init>(AppTest.java:5)
]]></error>
  </testcase>
  <testcase name="nettyUtilStringWriteRead" classname="io.nadron.AppTest" time="0">
    <error message="Unresolved compilation problems: &#10;	The import io.netty cannot be resolved&#10;	The import io.netty cannot be resolved&#10;	ByteBuf cannot be resolved to a type&#10;	The method writeString(String) from the type NettyUtils refers to the missing type ByteBuf&#10;	ByteBuf cannot be resolved to a type&#10;	The method writeString(String) from the type NettyUtils refers to the missing type ByteBuf&#10;	ByteBuf cannot be resolved to a type&#10;	The method writeString(String) from the type NettyUtils refers to the missing type ByteBuf&#10;	ByteBuf cannot be resolved to a type&#10;	Unpooled cannot be resolved&#10;	ByteBuf cannot be resolved to a type&#10;	The method writeStrings(String...) from the type NettyUtils refers to the missing type ByteBuf&#10;	ByteBuf cannot be resolved to a type&#10;	The method writeSocketAddress(InetSocketAddress) from the type NettyUtils refers to the missing type ByteBuf&#10;	ByteBuf cannot be resolved to a type&#10;	The method writeStrings(String...) from the type NettyUtils refers to the missing type ByteBuf&#10;" type="java.lang.Error"><![CDATA[java.lang.Error: Unresolved compilation problems: 
	The import io.netty cannot be resolved
	The import io.netty cannot be resolved
	ByteBuf cannot be resolved to a type
	The method writeString(String) from the type NettyUtils refers to the missing type ByteBuf
	ByteBuf cannot be resolved to a type
	The method writeString(String) from the type NettyUtils refers to the missing type ByteBuf
	ByteBuf cannot be resolved to a type
	The method writeString(String) from the type NettyUtils refers to the missing type ByteBuf
	ByteBuf cannot be resolved to a type
	Unpooled cannot be resolved
	ByteBuf cannot be resolved to a type
	The method writeStrings(String...) from the type NettyUtils refers to the missing type ByteBuf
	ByteBuf cannot be resolved to a type
	The method writeSocketAddress(InetSocketAddress) from the type NettyUtils refers to the missing type ByteBuf
	ByteBuf cannot be resolved to a type
	The method writeStrings(String...) from the type NettyUtils refers to the missing type ByteBuf

	at io.nadron.AppTest.<init>(AppTest.java:5)
]]></error>
  </testcase>
  <testcase name="readWriteEmptyString" classname="io.nadron.AppTest" time="0">
    <error message="Unresolved compilation problems: &#10;	The import io.netty cannot be resolved&#10;	The import io.netty cannot be resolved&#10;	ByteBuf cannot be resolved to a type&#10;	The method writeString(String) from the type NettyUtils refers to the missing type ByteBuf&#10;	ByteBuf cannot be resolved to a type&#10;	The method writeString(String) from the type NettyUtils refers to the missing type ByteBuf&#10;	ByteBuf cannot be resolved to a type&#10;	The method writeString(String) from the type NettyUtils refers to the missing type ByteBuf&#10;	ByteBuf cannot be resolved to a type&#10;	Unpooled cannot be resolved&#10;	ByteBuf cannot be resolved to a type&#10;	The method writeStrings(String...) from the type NettyUtils refers to the missing type ByteBuf&#10;	ByteBuf cannot be resolved to a type&#10;	The method writeSocketAddress(InetSocketAddress) from the type NettyUtils refers to the missing type ByteBuf&#10;	ByteBuf cannot be resolved to a type&#10;	The method writeStrings(String...) from the type NettyUtils refers to the missing type ByteBuf&#10;" type="java.lang.Error"><![CDATA[java.lang.Error: Unresolved compilation problems: 
	The import io.netty cannot be resolved
	The import io.netty cannot be resolved
	ByteBuf cannot be resolved to a type
	The method writeString(String) from the type NettyUtils refers to the missing type ByteBuf
	ByteBuf cannot be resolved to a type
	The method writeString(String) from the type NettyUtils refers to the missing type ByteBuf
	ByteBuf cannot be resolved to a type
	The method writeString(String) from the type NettyUtils refers to the missing type ByteBuf
	ByteBuf cannot be resolved to a type
	Unpooled cannot be resolved
	ByteBuf cannot be resolved to a type
	The method writeStrings(String...) from the type NettyUtils refers to the missing type ByteBuf
	ByteBuf cannot be resolved to a type
	The method writeSocketAddress(InetSocketAddress) from the type NettyUtils refers to the missing type ByteBuf
	ByteBuf cannot be resolved to a type
	The method writeStrings(String...) from the type NettyUtils refers to the missing type ByteBuf

	at io.nadron.AppTest.<init>(AppTest.java:5)
]]></error>
  </testcase>
  <testcase name="nettyUtilVarArgsStringWriteRead" classname="io.nadron.AppTest" time="0">
    <error message="Unresolved compilation problems: &#10;	The import io.netty cannot be resolved&#10;	The import io.netty cannot be resolved&#10;	ByteBuf cannot be resolved to a type&#10;	The method writeString(String) from the type NettyUtils refers to the missing type ByteBuf&#10;	ByteBuf cannot be resolved to a type&#10;	The method writeString(String) from the type NettyUtils refers to the missing type ByteBuf&#10;	ByteBuf cannot be resolved to a type&#10;	The method writeString(String) from the type NettyUtils refers to the missing type ByteBuf&#10;	ByteBuf cannot be resolved to a type&#10;	Unpooled cannot be resolved&#10;	ByteBuf cannot be resolved to a type&#10;	The method writeStrings(String...) from the type NettyUtils refers to the missing type ByteBuf&#10;	ByteBuf cannot be resolved to a type&#10;	The method writeSocketAddress(InetSocketAddress) from the type NettyUtils refers to the missing type ByteBuf&#10;	ByteBuf cannot be resolved to a type&#10;	The method writeStrings(String...) from the type NettyUtils refers to the missing type ByteBuf&#10;" type="java.lang.Error"><![CDATA[java.lang.Error: Unresolved compilation problems: 
	The import io.netty cannot be resolved
	The import io.netty cannot be resolved
	ByteBuf cannot be resolved to a type
	The method writeString(String) from the type NettyUtils refers to the missing type ByteBuf
	ByteBuf cannot be resolved to a type
	The method writeString(String) from the type NettyUtils refers to the missing type ByteBuf
	ByteBuf cannot be resolved to a type
	The method writeString(String) from the type NettyUtils refers to the missing type ByteBuf
	ByteBuf cannot be resolved to a type
	Unpooled cannot be resolved
	ByteBuf cannot be resolved to a type
	The method writeStrings(String...) from the type NettyUtils refers to the missing type ByteBuf
	ByteBuf cannot be resolved to a type
	The method writeSocketAddress(InetSocketAddress) from the type NettyUtils refers to the missing type ByteBuf
	ByteBuf cannot be resolved to a type
	The method writeStrings(String...) from the type NettyUtils refers to the missing type ByteBuf

	at io.nadron.AppTest.<init>(AppTest.java:5)
]]></error>
  </testcase>
  <testcase name="nettyUtilMultiStringWriteRead" classname="io.nadron.AppTest" time="0">
    <error message="Unresolved compilation problems: &#10;	The import io.netty cannot be resolved&#10;	The import io.netty cannot be resolved&#10;	ByteBuf cannot be resolved to a type&#10;	The method writeString(String) from the type NettyUtils refers to the missing type ByteBuf&#10;	ByteBuf cannot be resolved to a type&#10;	The method writeString(String) from the type NettyUtils refers to the missing type ByteBuf&#10;	ByteBuf cannot be resolved to a type&#10;	The method writeString(String) from the type NettyUtils refers to the missing type ByteBuf&#10;	ByteBuf cannot be resolved to a type&#10;	Unpooled cannot be resolved&#10;	ByteBuf cannot be resolved to a type&#10;	The method writeStrings(String...) from the type NettyUtils refers to the missing type ByteBuf&#10;	ByteBuf cannot be resolved to a type&#10;	The method writeSocketAddress(InetSocketAddress) from the type NettyUtils refers to the missing type ByteBuf&#10;	ByteBuf cannot be resolved to a type&#10;	The method writeStrings(String...) from the type NettyUtils refers to the missing type ByteBuf&#10;" type="java.lang.Error"><![CDATA[java.lang.Error: Unresolved compilation problems: 
	The import io.netty cannot be resolved
	The import io.netty cannot be resolved
	ByteBuf cannot be resolved to a type
	The method writeString(String) from the type NettyUtils refers to the missing type ByteBuf
	ByteBuf cannot be resolved to a type
	The method writeString(String) from the type NettyUtils refers to the missing type ByteBuf
	ByteBuf cannot be resolved to a type
	The method writeString(String) from the type NettyUtils refers to the missing type ByteBuf
	ByteBuf cannot be resolved to a type
	Unpooled cannot be resolved
	ByteBuf cannot be resolved to a type
	The method writeStrings(String...) from the type NettyUtils refers to the missing type ByteBuf
	ByteBuf cannot be resolved to a type
	The method writeSocketAddress(InetSocketAddress) from the type NettyUtils refers to the missing type ByteBuf
	ByteBuf cannot be resolved to a type
	The method writeStrings(String...) from the type NettyUtils refers to the missing type ByteBuf

	at io.nadron.AppTest.<init>(AppTest.java:5)
]]></error>
  </testcase>
</testsuite>